# JRE version: Java(TM) SE Runtime Environment (12.0.1+12) (build 12.0.1+12)
# Java VM: Java HotSpot(TM) 64-Bit Server VM (12.0.1+12, mixed mode, sharing, tiered, compressed oops, g1 gc, windows-amd64)
Heap:
 garbage-first heap   total 262144K, used 114350K [0x00000000e0000000, 0x0000000100000000)
  region size 1024K, 13 young (13312K), 4 survivors (4096K)
 Metaspace       used 83044K, capacity 86321K, committed 86604K, reserved 329728K
  class space    used 10417K, capacity 11548K, committed 11596K, reserved 253952K
GC Heap History (10 events):
Event: 6721.491 GC heap before
{Heap before GC invocations=45 (full 0):
 garbage-first heap   total 262144K, used 137658K [0x00000000e0000000, 0x0000000100000000)
  region size 1024K, 12 young (12288K), 10 survivors (10240K)
 Metaspace       used 82813K, capacity 86022K, committed 86348K, reserved 329728K
  class space    used 10390K, capacity 11498K, committed 11596K, reserved 253952K
}
Event: 6721.529 GC heap after
{Heap after GC invocations=46 (full 0):
 garbage-first heap   total 262144K, used 121668K [0x00000000e0000000, 0x0000000100000000)
  region size 1024K, 2 young (2048K), 2 survivors (2048K)
 Metaspace       used 82813K, capacity 86022K, committed 86348K, reserved 329728K
  class space    used 10390K, capacity 11498K, committed 11596K, reserved 253952K
}
Event: 6723.255 GC heap before
{Heap before GC invocations=46 (full 0):
 garbage-first heap   total 262144K, used 196420K [0x00000000e0000000, 0x0000000100000000)
  region size 1024K, 75 young (76800K), 2 survivors (2048K)
 Metaspace       used 82903K, capacity 86122K, committed 86348K, reserved 329728K
  class space    used 10408K, capacity 11531K, committed 11596K, reserved 253952K
}
Event: 6723.269 GC heap after
{Heap after GC invocations=47 (full 0):
 garbage-first heap   total 262144K, used 122358K [0x00000000e0000000, 0x0000000100000000)
  region size 1024K, 3 young (3072K), 3 survivors (3072K)
 Metaspace       used 82903K, capacity 86122K, committed 86348K, reserved 329728K
  class space    used 10408K, capacity 11531K, committed 11596K, reserved 253952K
}
Event: 14474.775 GC heap before
{Heap before GC invocations=48 (full 0):
 garbage-first heap   total 262144K, used 195062K [0x00000000e0000000, 0x0000000100000000)
  region size 1024K, 79 young (80896K), 3 survivors (3072K)
 Metaspace       used 82951K, capacity 86289K, committed 86348K, reserved 329728K
  class space    used 10414K, capacity 11543K, committed 11596K, reserved 253952K
}
Event: 14474.783 GC heap after
{Heap after GC invocations=49 (full 0):
 garbage-first heap   total 262144K, used 116409K [0x00000000e0000000, 0x0000000100000000)
  region size 1024K, 2 young (2048K), 2 survivors (2048K)
 Metaspace       used 82951K, capacity 86289K, committed 86348K, reserved 329728K
  class space    used 10414K, capacity 11543K, committed 11596K, reserved 253952K
}
Event: 14474.924 GC heap before
{Heap before GC invocations=49 (full 0):
 garbage-first heap   total 262144K, used 126649K [0x00000000e0000000, 0x0000000100000000)
  region size 1024K, 12 young (12288K), 2 survivors (2048K)
 Metaspace       used 82951K, capacity 86289K, committed 86348K, reserved 329728K
  class space    used 10414K, capacity 11543K, committed 11596K, reserved 253952K
}
Event: 14474.946 GC heap after
{Heap after GC invocations=50 (full 0):
 garbage-first heap   total 262144K, used 102544K [0x00000000e0000000, 0x0000000100000000)
  region size 1024K, 1 young (1024K), 1 survivors (1024K)
 Metaspace       used 82951K, capacity 86289K, committed 86348K, reserved 329728K
  class space    used 10414K, capacity 11543K, committed 11596K, reserved 253952K
}
Event: 14852.381 GC heap before
{Heap before GC invocations=50 (full 0):
 garbage-first heap   total 262144K, used 195728K [0x00000000e0000000, 0x0000000100000000)
  region size 1024K, 93 young (95232K), 1 survivors (1024K)
 Metaspace       used 83023K, capacity 86321K, committed 86604K, reserved 329728K
  class space    used 10417K, capacity 11548K, committed 11596K, reserved 253952K
}
Event: 14852.415 GC heap after
{Heap after GC invocations=51 (full 0):
 garbage-first heap   total 262144K, used 106158K [0x00000000e0000000, 0x0000000100000000)
  region size 1024K, 4 young (4096K), 4 survivors (4096K)
 Metaspace       used 83023K, capacity 86321K, committed 86604K, reserved 329728K
  class space    used 10417K, capacity 11548K, committed 11596K, reserved 253952K
}

